<?xml version="1.0" encoding="UTF-8"?>
<!-- Generated by org.testng.reporters.JUnitReportReporter -->
<testsuite hostname="LAPTOP-TP5BMD4N" failures="0" tests="2" name="testScripts.ManageDeliveryBoyTest" time="125.243" errors="0" timestamp="2026-07-11T20:59:21 IST" skipped="0">
  <testcase classname="testScripts.ManageDeliveryBoyTest" name="verify_Whether_User_is_able_to_Search_Newly_created_Delivery_Boy" time="64.459"/>
  <testcase classname="testScripts.ManageDeliveryBoyTest" name="verify_Whether_User_is_able_to_Create_New_Delivery_Boy" time="60.784"/>
</testsuite> <!-- testScripts.ManageDeliveryBoyTest -->
