<?xml version="1.0" encoding="UTF-8"?>
<!-- Generated by org.testng.reporters.JUnitXMLReporter -->
<testsuite ignored="0" hostname="LAPTOP-TP5BMD4N" failures="0" tests="1" name="Test2" time="7.039" errors="0" timestamp="2026-07-02T20:27:03 IST">
  <testcase classname="testScripts.ManageContactTest" name="verify_Whether_user_is_able_to_Update_ContactUs_Informations" time="0.0">
    <skipped/>
  </testcase> <!-- verify_Whether_user_is_able_to_Update_ContactUs_Informations -->
</testsuite> <!-- Test2 -->
