<?xml version="1.0" encoding="UTF-8"?>
<!-- Generated by org.testng.reporters.JUnitXMLReporter -->
<testsuite ignored="2" hostname="LAPTOP-TP5BMD4N" failures="0" tests="2" name="Test" time="193.374" errors="0" timestamp="2026-06-30T20:54:32 IST">
  <testcase classname="testScripts.LoginTest" name="verify_User_Login_with_Valid_Credentials" time="33.492"/>
  <testcase classname="testScripts.LoginTest" name="verify_User_Login_with_Invalid_Username_and_Valid_Password" time="0.974"/>
  <testcase classname="testScripts.LoginTest" name="verify_User_Login_with_Valid_Username_and_Invalid__Passsword" time="0.0">
    <ignored/>
  </testcase> <!-- verify_User_Login_with_Valid_Username_and_Invalid__Passsword -->
  <testcase classname="testScripts.LoginTest" name="verify_User_Login_with_Invalid_Credentials" time="0.0">
    <ignored/>
  </testcase> <!-- verify_User_Login_with_Invalid_Credentials -->
</testsuite> <!-- Test -->
