<?xml version="1.0" encoding="UTF-8"?>
<!-- Generated by org.testng.reporters.JUnitReportReporter -->
<testsuite hostname="LAPTOP-TP5BMD4N" failures="0" tests="5" name="testScripts.LoginTest" time="166.403" errors="0" timestamp="2026-07-08T21:09:29 IST" skipped="0">
  <testcase classname="testScripts.LoginTest" name="verify_User_Login_with_Valid_Credentials" time="45.938"/>
  <testcase classname="testScripts.LoginTest" name="verify_User_Login_with_Invalid_Credentials" time="31.350"/>
  <testcase classname="testScripts.LoginTest" name="verify_User_Login_with_Valid_Username_and_Invalid__Passsword" time="37.642"/>
  <testcase classname="testScripts.LoginTest" name="verify_User_Login_with_Invalid_Username_and_Valid_Password" time="19.360"/>
  <testcase classname="testScripts.LoginTest" name="verify_User_Login_with_Invalid_Username_and_Valid_Password" time="32.113"/>
</testsuite> <!-- testScripts.LoginTest -->
