<?xml version="1.0" encoding="UTF-8"?>
<!-- Generated by org.testng.reporters.JUnitReportReporter -->
<testsuite hostname="LAPTOP-TP5BMD4N" failures="0" tests="2" name="testScripts.ManageNewsTest" time="46.766" errors="0" timestamp="2026-07-09T00:40:15 IST" skipped="0">
  <testcase classname="testScripts.ManageNewsTest" name="verify_Whether_User_is_able_to_Create_New_News" time="29.529"/>
  <testcase classname="testScripts.ManageNewsTest" name="verify_Whether_User_is_able_to_Search_Newly_added_News" time="17.237"/>
</testsuite> <!-- testScripts.ManageNewsTest -->
