<?xml version="1.0" encoding="UTF-8"?>
<testng-results ignored="0" total="2" passed="2" failed="0" skipped="0">
  <reporter-output>
  </reporter-output>
  <suite started-at="2026-07-10T15:21:56 IST" name="Suite" finished-at="2026-07-10T15:22:49 IST" duration-ms="52987">
    <groups>
    </groups>
    <test started-at="2026-07-10T15:21:56 IST" name="Test" finished-at="2026-07-10T15:22:49 IST" duration-ms="52987">
      <class name="testScripts.ManageDeliveryBoyTest">
        <test-method is-config="true" signature="initializeBrowser(java.lang.String)[pri:0, instance:testScripts.ManageDeliveryBoyTest@6cd24612]" started-at="2026-07-10T15:21:56 IST" name="initializeBrowser" finished-at="2026-07-10T15:22:18 IST" duration-ms="22464" status="PASS">
          <params>
            <param index="0">
              <value>
                <![CDATA[chrome]]>
              </value>
            </param>
          </params>
          <reporter-output>
          </reporter-output>
        </test-method> <!-- initializeBrowser -->
        <test-method signature="verify_Whether_User_is_able_to_Create_New_Delivery_Boy()[pri:0, instance:testScripts.ManageDeliveryBoyTest@6cd24612]" started-at="2026-07-10T15:22:18 IST" name="verify_Whether_User_is_able_to_Create_New_Delivery_Boy" description="User is trying to create a new Delivery Boy." finished-at="2026-07-10T15:22:32 IST" duration-ms="13488" status="PASS">
          <reporter-output>
          </reporter-output>
        </test-method> <!-- verify_Whether_User_is_able_to_Create_New_Delivery_Boy -->
        <test-method is-config="true" signature="closeBrowser(org.testng.ITestResult)[pri:0, instance:testScripts.ManageDeliveryBoyTest@6cd24612]" started-at="2026-07-10T15:22:32 IST" name="closeBrowser" finished-at="2026-07-10T15:22:32 IST" duration-ms="3" status="PASS">
          <params>
            <param index="0">
              <value>
                <![CDATA[[TestResult name=verify_Whether_User_is_able_to_Create_New_Delivery_Boy status=SUCCESS method=ManageDeliveryBoyTest.verify_Whether_User_is_able_to_Create_New_Delivery_Boy()[pri:0, instance:testScripts.ManageDeliveryBoyTest@6cd24612] output={null}]]]>
              </value>
            </param>
          </params>
          <reporter-output>
          </reporter-output>
        </test-method> <!-- closeBrowser -->
        <test-method is-config="true" signature="initializeBrowser(java.lang.String)[pri:0, instance:testScripts.ManageDeliveryBoyTest@6cd24612]" started-at="2026-07-10T15:22:32 IST" name="initializeBrowser" finished-at="2026-07-10T15:22:46 IST" duration-ms="14380" status="PASS">
          <params>
            <param index="0">
              <value>
                <![CDATA[chrome]]>
              </value>
            </param>
          </params>
          <reporter-output>
          </reporter-output>
        </test-method> <!-- initializeBrowser -->
        <test-method signature="verify_Whether_User_is_able_to_Search_Newly_created_Delivery_Boy()[pri:0, instance:testScripts.ManageDeliveryBoyTest@6cd24612]" started-at="2026-07-10T15:22:46 IST" name="verify_Whether_User_is_able_to_Search_Newly_created_Delivery_Boy" description="User is trying to search  newly created Delivery Boy." finished-at="2026-07-10T15:22:49 IST" duration-ms="2526" status="PASS">
          <reporter-output>
          </reporter-output>
        </test-method> <!-- verify_Whether_User_is_able_to_Search_Newly_created_Delivery_Boy -->
        <test-method is-config="true" signature="closeBrowser(org.testng.ITestResult)[pri:0, instance:testScripts.ManageDeliveryBoyTest@6cd24612]" started-at="2026-07-10T15:22:49 IST" name="closeBrowser" finished-at="2026-07-10T15:22:49 IST" duration-ms="2" status="PASS">
          <params>
            <param index="0">
              <value>
                <![CDATA[[TestResult name=verify_Whether_User_is_able_to_Search_Newly_created_Delivery_Boy status=SUCCESS method=ManageDeliveryBoyTest.verify_Whether_User_is_able_to_Search_Newly_created_Delivery_Boy()[pri:0, instance:testScripts.ManageDeliveryBoyTest@6cd24612] output={null}]]]>
              </value>
            </param>
          </params>
          <reporter-output>
          </reporter-output>
        </test-method> <!-- closeBrowser -->
      </class> <!-- testScripts.ManageDeliveryBoyTest -->
    </test> <!-- Test -->
  </suite> <!-- Suite -->
</testng-results>
