<?xml version="1.0" encoding="UTF-8"?>
<!-- Generated by org.testng.reporters.JUnitXMLReporter -->
<testsuite ignored="0" hostname="LAPTOP-TP5BMD4N" failures="0" tests="2" name="Test" time="125.364" errors="0" timestamp="2026-07-11T20:59:20 IST">
  <testcase classname="testScripts.ManageDeliveryBoyTest" name="verify_Whether_User_is_able_to_Create_New_Delivery_Boy" time="13.784"/>
  <testcase classname="testScripts.ManageDeliveryBoyTest" name="verify_Whether_User_is_able_to_Search_Newly_created_Delivery_Boy" time="6.726"/>
</testsuite> <!-- Test -->
